<?xml version="1.0" encoding="UTF-8"?>
<Site BuildName="Linux-c++"
	BuildStamp="20231010-1357-Experimental"
	Name="creeper5820-MS-7C83"
	Generator="ctest-3.22.1"
	CompilerName="/usr/bin/c++"
	CompilerVersion="11.4.0"
	OSName="Linux"
	Hostname="creeper5820-MS-7C83"
	OSRelease="6.2.0-34-generic"
	OSVersion="#34~22.04.1-Ubuntu SMP PREEMPT_DYNAMIC Thu Sep  7 13:12:03 UTC 2"
	OSPlatform="x86_64"
	Is64Bits="1"
	VendorString="GenuineIntel"
	VendorID="Intel Corporation"
	FamilyID="6"
	ModelID="165"
	ProcessorCacheSize="12288"
	NumberOfLogicalCPU="12"
	NumberOfPhysicalCPU="6"
	TotalVirtualMemory="0"
	TotalPhysicalMemory="15921"
	LogicalProcessorsPerPhysical="2"
	ProcessorClockFrequency="4001.6"
	>
	<Testing>
		<StartDateTime>Oct 10 21:57 CST</StartDateTime>
		<StartTestTime>1696946277</StartTestTime>
		<TestList/>
		<EndDateTime>Oct 10 21:57 CST</EndDateTime>
		<EndTestTime>1696946277</EndTestTime>
		<ElapsedMinutes>0</ElapsedMinutes>
	</Testing>
</Site>
